<?xml version="1.0" encoding="UTF-8"?>
<!-- Generated by org.testng.reporters.JUnitXMLReporter -->
<testsuite ignored="2" hostname="DESKTOP-MUTK6JM" failures="1" tests="1" name="Default test(failed)" time="7.289" errors="0" timestamp="2026-01-15T11:28:58 IST">
  <testcase classname="com.comcast.crm.OrgTest.CreateNewOrg1" name="createOrgWithIndustriesTest" time="0.013">
    <failure type="java.lang.NullPointerException" message="Cannot invoke &amp;quot;com.aventstack.extentreports.ExtentTest.log(com.aventstack.extentreports.Status, String)&amp;quot; because the return value of &amp;quot;com.comcast.crm.generic.WebDriverUtility.UtilityClassObject.getTest()&amp;quot; is null">
      <![CDATA[java.lang.NullPointerException: Cannot invoke "com.aventstack.extentreports.ExtentTest.log(com.aventstack.extentreports.Status, String)" because the return value of "com.comcast.crm.generic.WebDriverUtility.UtilityClassObject.getTest()" is null
at com.comcast.crm.OrgTest.CreateNewOrg1.createOrgWithIndustriesTest(CreateNewOrg1.java:93)
at java.base/java.util.ArrayList.forEach(ArrayList.java:1596)
... Removed 25 stack frames]]>
    </failure>
  </testcase> <!-- createOrgWithIndustriesTest -->
  <testcase classname="com.comcast.crm.OrgTest.CreateNewOrg1" name="createOrgTest" time="0.0">
    <ignored/>
  </testcase> <!-- createOrgTest -->
  <testcase classname="com.comcast.crm.OrgTest.CreateNewOrg1" name="createOrgWithPhoneNumberTest" time="0.0">
    <ignored/>
  </testcase> <!-- createOrgWithPhoneNumberTest -->
</testsuite> <!-- Default test(failed) -->
