<?xml version="1.0" encoding="UTF-8"?>
<testng-results ignored="0" total="1" passed="1" failed="0" skipped="0">
  <reporter-output>
  </reporter-output>
  <suite started-at="2026-01-19T16:05:54 IST" name="Default suite" finished-at="2026-01-19T16:06:13 IST" duration-ms="19534">
    <groups>
      <group name="Regression Test">
        <method signature="CreateContactTest.createContactWithOrgTest()[pri:0, instance:com.comcast.crm.contacttest.CreateContactTest@7a8c8dcf]" name="createContactWithOrgTest" class="com.comcast.crm.contacttest.CreateContactTest"/>
      </group> <!-- Regression Test -->
    </groups>
    <test started-at="2026-01-19T16:05:54 IST" name="Default test" finished-at="2026-01-19T16:06:13 IST" duration-ms="19534">
      <class name="com.comcast.crm.contacttest.CreateContactTest">
        <test-method is-config="true" signature="ConfigBS()[pri:0, instance:com.comcast.crm.contacttest.CreateContactTest@7a8c8dcf]" started-at="2026-01-19T16:05:54 IST" name="ConfigBS" finished-at="2026-01-19T16:05:54 IST" duration-ms="42" status="PASS">
          <reporter-output>
          </reporter-output>
        </test-method> <!-- ConfigBS -->
        <test-method is-config="true" signature="ConfigBC()[pri:0, instance:com.comcast.crm.contacttest.CreateContactTest@7a8c8dcf]" started-at="2026-01-19T16:05:54 IST" name="ConfigBC" finished-at="2026-01-19T16:05:56 IST" duration-ms="2376" status="PASS">
          <reporter-output>
          </reporter-output>
        </test-method> <!-- ConfigBC -->
        <test-method is-config="true" signature="ConfigBM()[pri:0, instance:com.comcast.crm.contacttest.CreateContactTest@7a8c8dcf]" started-at="2026-01-19T16:05:56 IST" name="ConfigBM" finished-at="2026-01-19T16:05:59 IST" duration-ms="2327" status="PASS">
          <reporter-output>
          </reporter-output>
        </test-method> <!-- ConfigBM -->
        <test-method signature="createContactWithOrgTest()[pri:0, instance:com.comcast.crm.contacttest.CreateContactTest@7a8c8dcf]" started-at="2026-01-19T16:05:59 IST" name="createContactWithOrgTest" finished-at="2026-01-19T16:06:12 IST" duration-ms="13709" status="PASS">
          <reporter-output>
          </reporter-output>
        </test-method> <!-- createContactWithOrgTest -->
        <test-method is-config="true" signature="ConfigAM()[pri:0, instance:com.comcast.crm.contacttest.CreateContactTest@7a8c8dcf]" started-at="2026-01-19T16:06:12 IST" name="ConfigAM" finished-at="2026-01-19T16:06:13 IST" duration-ms="750" status="PASS">
          <reporter-output>
          </reporter-output>
        </test-method> <!-- ConfigAM -->
        <test-method is-config="true" signature="ConfigAC()[pri:0, instance:com.comcast.crm.contacttest.CreateContactTest@7a8c8dcf]" started-at="2026-01-19T16:06:13 IST" name="ConfigAC" finished-at="2026-01-19T16:06:13 IST" duration-ms="309" status="PASS">
          <reporter-output>
          </reporter-output>
        </test-method> <!-- ConfigAC -->
        <test-method is-config="true" signature="ConfigAS()[pri:0, instance:com.comcast.crm.contacttest.CreateContactTest@7a8c8dcf]" started-at="2026-01-19T16:06:14 IST" name="ConfigAS" finished-at="2026-01-19T16:06:14 IST" duration-ms="1" status="PASS">
          <reporter-output>
          </reporter-output>
        </test-method> <!-- ConfigAS -->
      </class> <!-- com.comcast.crm.contacttest.CreateContactTest -->
    </test> <!-- Default test -->
  </suite> <!-- Default suite -->
</testng-results>
