<?xml version="1.0" encoding="UTF-8"?>
<!-- Generated by org.testng.reporters.JUnitReportReporter -->
<testsuite hostname="DESKTOP-MUTK6JM" failures="0" tests="3" name="com.comcast.crm.OrgTest.CreateOrganisationTest" time="27.608" errors="0" timestamp="2026-01-19T15:29:06 IST" skipped="0">
  <testcase classname="com.comcast.crm.OrgTest.CreateOrganisationTest" name="createOrgWithPhoneNumberTest" time="6.906"/>
  <testcase classname="com.comcast.crm.OrgTest.CreateOrganisationTest" name="createOrgWithIndustriesTest" time="10.325"/>
  <testcase classname="com.comcast.crm.OrgTest.CreateOrganisationTest" name="createOrgTest" time="10.377"/>
</testsuite> <!-- com.comcast.crm.OrgTest.CreateOrganisationTest -->
